[2020-09-01 08:47:13] START
[2020-09-01 08:47:42] EDIT intro/controllers/default.py: -1
[2020-09-01 08:48:40] EDIT intro/views/layout.html: -3
[2020-09-01 08:49:30] EDIT intro/models/menu.py: -96
[2020-09-01 08:50:19] EDIT intro/views/default/index.html: -45
[2020-09-01 08:52:25] EDIT intro/views/layout.html: 0
[2020-09-01 10:23:59] EDIT intro/models/db.py: -13
[2020-09-01 10:31:31] EDIT intro/models/db.py: -8
[2020-09-01 11:47:22] EDIT intro/models/db.py: -1
[2020-09-01 12:18:35] EDIT intro/models/db.py: 0
[2020-09-01 12:20:09] EDIT intro/models/db.py: 0
[2020-09-01 12:27:00] EDIT intro/models/db.py: -10
[2020-09-01 13:33:00] CREATE tables.py: 0
[2020-09-01 13:34:59] EDIT intro/models/tables.py: 2
[2020-09-01 13:52:07] EDIT intro/controllers/default.py: 4
[2020-09-01 13:53:43] EDIT intro/models/tables.py: 0
[2020-09-01 13:54:58] EDIT intro/views/default/index.html: 1
[2020-09-01 13:57:04] EDIT intro/controllers/default.py: 2
[2020-09-01 14:52:12] EDIT intro/views/layout.html: 1
[2020-09-01 14:52:40] EDIT intro/views/layout.html: 5
[2020-09-01 14:57:29] EDIT intro/views/default/index.html: 22
[2020-09-01 14:57:32] EDIT intro/controllers/default.py: 0
[2020-09-01 15:42:10] EDIT intro/views/default/index.html: 43
[2020-09-01 15:42:54] EDIT intro/views/default/index.html: -1
[2020-09-01 15:43:26] EDIT intro/views/default/index.html: 0
[2020-09-01 15:48:53] EDIT intro/views/default/index.html: 6
[2020-09-01 15:50:51] EDIT intro/views/default/index.html: 0
[2020-09-01 15:56:52] EDIT intro/views/default/index.html: 0
[2020-09-01 15:58:24] EDIT intro/views/layout.html: 0
[2020-09-01 15:58:44] EDIT intro/views/layout.html: 0
[2020-09-01 15:59:53] EDIT intro/views/layout.html: -49
[2020-09-01 16:03:06] EDIT intro/views/default/index.html: 4
[2020-09-01 16:05:44] EDIT intro/views/default/index.html: 2
[2020-09-01 16:07:03] EDIT intro/views/layout.html: 4
[2020-09-01 16:07:10] EDIT intro/views/default/index.html: -4
[2020-09-01 16:08:26] EDIT intro/views/layout.html: -3
[2020-09-01 16:45:35] EDIT intro/views/layout.html: -5
[2020-09-01 16:46:10] EDIT intro/views/layout.html: 5
[2020-09-01 16:52:02] EDIT intro/views/layout.html: -9
[2020-09-01 16:53:45] EDIT intro/views/default/index.html: 0
[2020-09-01 16:57:14] EDIT intro/views/default/index.html: 0
[2020-09-01 16:58:10] EDIT intro/views/default/index.html: 0
[2020-09-01 17:00:47] EDIT intro/views/default/index.html: 2
[2020-09-01 17:01:45] EDIT intro/views/default/index.html: 0
[2020-09-02 08:43:19] EDIT intro/views/default/index.html: 6
[2020-09-02 09:15:41] EDIT intro/views/default/index.html: 16
[2020-09-02 09:18:29] EDIT intro/views/default/index.html: 0
[2020-09-02 09:19:24] EDIT intro/views/default/index.html: 0
[2020-09-02 09:20:31] EDIT intro/views/default/index.html: -1
[2020-09-02 09:20:59] EDIT intro/views/default/index.html: 0
[2020-09-02 09:23:58] EDIT intro/views/default/index.html: -2
[2020-09-02 09:30:01] EDIT intro/views/default/index.html: 0
[2020-09-02 09:31:51] EDIT intro/views/default/index.html: 1
[2020-09-02 09:51:12] EDIT intro/views/default/index.html: 0
[2020-09-02 09:54:23] EDIT intro/views/default/index.html: 0
[2020-09-02 09:55:14] EDIT intro/views/default/index.html: 0
[2020-09-02 09:57:50] EDIT intro/views/default/index.html: 0
[2020-09-02 10:10:50] EDIT intro/views/default/index.html: 8
[2020-09-02 10:11:31] EDIT intro/views/default/index.html: -1
[2020-09-02 10:21:20] EDIT intro/views/default/index.html: 22
[2020-09-02 10:21:44] EDIT intro/views/default/index.html: 0
[2020-09-02 10:22:05] EDIT intro/views/default/index.html: 0
[2020-09-02 10:24:14] EDIT intro/views/default/index.html: 3
[2020-09-02 10:25:11] EDIT intro/views/default/index.html: 0
[2020-09-02 10:27:45] EDIT intro/views/default/index.html: 0
[2020-09-02 10:29:02] EDIT intro/views/default/index.html: 2
[2020-09-02 10:29:16] EDIT intro/views/default/index.html: 0
[2020-09-02 10:32:47] EDIT intro/views/default/index.html: -40
[2020-09-02 10:42:46] EDIT intro/views/default/index.html: 0
[2020-09-02 10:43:10] EDIT intro/views/default/index.html: 0
[2020-09-02 10:43:41] EDIT intro/views/default/index.html: 0
[2020-09-02 10:51:03] EDIT intro/views/default/index.html: 12
[2020-09-02 10:53:11] EDIT intro/views/default/index.html: 13
[2020-09-02 10:53:38] EDIT intro/views/default/index.html: -3
[2020-09-02 10:53:48] EDIT intro/views/default/index.html: 3
[2020-09-02 10:54:46] EDIT intro/views/default/index.html: 0
[2020-09-02 11:11:26] EDIT intro/views/default/index.html: 7
[2020-09-02 11:12:15] EDIT intro/views/default/index.html: 0
[2020-09-02 11:13:46] EDIT intro/views/default/index.html: 1
[2020-09-02 11:14:05] EDIT intro/views/default/index.html: 0
[2020-09-02 11:15:13] EDIT intro/views/default/index.html: 0
[2020-09-02 11:16:39] EDIT intro/views/default/index.html: 0
[2020-09-02 11:24:12] EDIT intro/views/default/index.html: 0
[2020-09-02 11:28:32] EDIT intro/views/default/index.html: 1
[2020-09-02 11:31:36] EDIT intro/views/default/index.html: 1
[2020-09-02 11:32:59] EDIT intro/views/default/index.html: 0
[2020-09-02 12:00:30] EDIT intro/views/default/index.html: -28
[2020-09-02 12:01:19] EDIT intro/views/default/index.html: 1
[2020-09-02 12:02:26] EDIT intro/views/default/index.html: 0
[2020-09-02 12:04:33] EDIT intro/views/default/index.html: 0
[2020-09-02 12:04:45] EDIT intro/views/default/index.html: 0
[2020-09-02 12:08:50] EDIT intro/views/default/index.html: 0
[2020-09-02 12:09:50] EDIT intro/views/default/index.html: 0
[2020-09-02 12:10:06] EDIT intro/views/default/index.html: 0
[2020-09-02 12:10:49] EDIT intro/views/default/index.html: 1
[2020-09-02 12:11:42] EDIT intro/views/default/index.html: 0
[2020-09-02 12:11:56] EDIT intro/views/default/index.html: 0
[2020-09-02 12:13:15] EDIT intro/views/default/index.html: 0
[2020-09-02 12:13:30] EDIT intro/views/default/index.html: 0
[2020-09-02 12:17:36] EDIT intro/views/layout.html: 0
[2020-09-02 12:18:15] EDIT intro/views/layout.html: 0
[2020-09-02 12:18:43] EDIT intro/views/layout.html: -4
[2020-09-02 14:15:36] EDIT intro/views/layout.html: -14
[2020-09-02 14:37:33] EDIT intro/views/layout.html: -14
[2020-09-02 14:41:35] EDIT intro/views/default/index.html: 0
[2020-09-02 14:50:15] EDIT intro/views/default/index.html: 6
[2020-09-02 14:52:47] EDIT intro/views/default/index.html: 6
[2020-09-02 14:55:13] EDIT intro/views/default/index.html: 4
[2020-09-02 14:56:14] EDIT intro/views/default/index.html: 0
[2020-09-02 14:58:32] EDIT intro/views/default/index.html: 0
[2020-09-02 15:01:48] EDIT intro/views/default/index.html: 3
[2020-09-02 15:02:27] EDIT intro/views/default/index.html: 0
[2020-09-02 15:02:56] EDIT intro/views/default/index.html: 0
[2020-09-02 15:08:04] EDIT intro/views/default/index.html: 0
[2020-09-02 15:10:18] EDIT intro/views/default/index.html: 0
[2020-09-02 15:12:46] EDIT intro/views/default/index.html: 1
[2020-09-02 15:42:19] EDIT intro/views/default/index.html: 0
[2020-09-02 15:51:58] EDIT intro/views/default/index.html: 16
[2020-09-02 15:52:30] EDIT intro/views/default/index.html: 0
[2020-09-02 16:00:20] EDIT intro/views/default/index.html: 0
[2020-09-02 16:01:34] EDIT intro/views/default/index.html: 0
[2020-09-02 16:02:25] EDIT intro/views/default/index.html: 0
[2020-09-02 16:03:13] EDIT intro/views/default/index.html: 2
[2020-09-02 16:06:20] EDIT intro/views/default/index.html: -1
[2020-09-02 16:09:16] EDIT intro/views/default/index.html: 0
[2020-09-02 16:12:19] EDIT intro/views/default/index.html: 0
[2020-09-02 16:14:13] EDIT intro/views/default/index.html: 3
[2020-09-02 16:19:23] EDIT intro/views/default/index.html: 7
[2020-09-02 16:22:53] EDIT intro/views/default/index.html: 7
[2020-09-02 16:23:17] EDIT intro/views/default/index.html: 0
[2020-09-02 16:23:41] EDIT intro/views/default/index.html: 1
[2020-09-02 16:23:55] EDIT intro/views/default/index.html: 0
[2020-09-02 16:26:53] EDIT intro/views/default/index.html: 3
[2020-09-02 16:35:11] EDIT intro/views/default/index.html: 3
[2020-09-02 16:35:41] EDIT intro/views/default/index.html: 1
[2020-09-02 16:35:55] EDIT intro/views/default/index.html: 0
[2020-09-02 16:37:54] EDIT intro/views/default/index.html: -1
[2020-09-02 16:39:44] EDIT intro/views/default/index.html: 0
[2020-09-02 16:40:03] EDIT intro/views/default/index.html: -2
[2020-09-02 16:43:39] EDIT intro/views/default/index.html: 0
[2020-09-02 16:45:21] EDIT intro/views/default/index.html: 0
[2020-09-02 16:45:41] EDIT intro/views/default/index.html: 0
[2020-09-02 16:50:11] EDIT intro/views/default/index.html: 4
[2020-09-02 16:50:19] EDIT intro/views/default/index.html: 0
[2020-09-02 16:50:46] EDIT intro/views/default/index.html: 0
[2020-09-02 16:51:19] EDIT intro/views/default/index.html: 0
[2020-09-02 16:51:33] EDIT intro/views/default/index.html: 0
[2020-09-02 16:56:49] EDIT intro/views/default/index.html: 1
[2020-09-02 16:57:56] EDIT intro/views/default/index.html: 0
[2020-09-02 17:03:11] EDIT intro/views/default/index.html: -1
[2020-09-02 17:03:46] EDIT intro/views/default/index.html: -3
[2020-09-02 17:04:06] EDIT intro/views/default/index.html: 3
[2020-09-02 17:06:33] EDIT intro/views/default/index.html: 1
[2020-09-03 08:38:32] EDIT intro/views/default/index.html: 4
[2020-09-03 08:39:39] EDIT intro/views/default/index.html: 5
[2020-09-03 08:39:52] EDIT intro/views/default/index.html: -5
[2020-09-03 09:33:09] EDIT intro/views/default/index.html: 14
[2020-09-03 09:45:00] EDIT intro/views/default/index.html: 1
[2020-09-03 09:45:41] EDIT intro/views/default/index.html: 0
[2020-09-03 09:47:28] EDIT intro/views/default/index.html: -2
[2020-09-03 09:47:41] EDIT intro/views/default/index.html: 1
[2020-09-03 09:56:39] EDIT intro/views/default/index.html: 1
[2020-09-03 09:57:18] EDIT intro/views/default/index.html: 1
[2020-09-03 09:58:15] EDIT intro/views/default/index.html: 0
[2020-09-03 09:58:49] EDIT intro/views/default/index.html: 0
[2020-09-03 09:59:25] EDIT intro/views/default/index.html: 0
[2020-09-03 09:59:35] EDIT intro/views/default/index.html: 0
[2020-09-03 10:00:30] EDIT intro/views/default/index.html: -2
[2020-09-03 10:03:07] EDIT intro/views/default/index.html: 0
[2020-09-03 10:03:46] EDIT intro/views/default/index.html: 1
[2020-09-03 10:04:24] EDIT intro/views/default/index.html: 0
[2020-09-03 10:06:09] EDIT intro/views/default/index.html: 0
[2020-09-03 10:06:39] EDIT intro/views/default/index.html: -1
[2020-09-03 10:11:57] EDIT intro/views/default/index.html: 3
[2020-09-03 10:12:27] EDIT intro/views/default/index.html: 0
[2020-09-03 10:15:09] EDIT intro/views/default/index.html: -10
[2020-09-03 10:15:19] EDIT intro/views/default/index.html: -3
[2020-09-03 10:17:27] EDIT intro/views/default/index.html: 1
[2020-09-03 10:21:04] EDIT intro/views/default/index.html: 0
[2020-09-03 10:31:54] EDIT intro/views/default/index.html: 5
[2020-09-03 10:33:03] EDIT intro/views/default/index.html: 0
[2020-09-03 10:40:01] EDIT intro/views/default/index.html: 13
[2020-09-03 10:43:42] EDIT intro/views/default/index.html: 1
[2020-09-03 10:44:08] EDIT intro/views/default/index.html: 0
[2020-09-03 10:44:33] EDIT intro/views/default/index.html: 0
[2020-09-03 11:15:45] EDIT intro/views/default/index.html: 0
[2020-09-03 11:25:53] EDIT intro/views/default/index.html: -4
[2020-09-03 11:34:44] EDIT intro/views/default/index.html: 5
[2020-09-03 11:37:42] EDIT intro/views/default/index.html: 0
[2020-09-03 11:39:49] EDIT intro/views/default/index.html: 0
[2020-09-03 11:41:13] EDIT intro/views/default/index.html: 1
[2020-09-03 11:46:30] EDIT intro/views/default/index.html: 2
[2020-09-03 11:47:44] EDIT intro/views/default/index.html: 0
[2020-09-03 11:48:51] EDIT intro/views/default/index.html: 0
[2020-09-03 11:50:59] EDIT intro/views/default/index.html: 2
[2020-09-03 11:52:47] EDIT intro/views/default/index.html: 1
[2020-09-03 11:53:54] EDIT intro/views/default/index.html: 1
[2020-09-03 11:55:25] EDIT intro/views/default/index.html: 0
[2020-09-03 11:55:57] EDIT intro/views/default/index.html: 0
[2020-09-03 11:57:43] EDIT intro/views/default/index.html: 0
[2020-09-03 12:12:06] EDIT intro/views/default/index.html: 2
[2020-09-03 12:15:21] EDIT intro/views/default/index.html: 0
[2020-09-03 12:18:43] EDIT intro/views/default/index.html: 0
[2020-09-03 12:20:02] EDIT intro/views/default/index.html: 0
