timestamp: 2020-09-01T08:47:25.024837
CREATE TABLE "auth_user"(
    "id" INTEGER PRIMARY KEY AUTOINCREMENT,
    "first_name" CHAR(128),
    "last_name" CHAR(128),
    "email" CHAR(512),
    "password" CHAR(512),
    "registration_key" CHAR(512),
    "reset_password_key" CHAR(512),
    "registration_id" CHAR(512)
);
success!
timestamp: 2020-09-01T08:47:25.658874
CREATE TABLE "auth_group"(
    "id" INTEGER PRIMARY KEY AUTOINCREMENT,
    "role" CHAR(512),
    "description" TEXT
);
success!
timestamp: 2020-09-01T08:47:25.891887
CREATE TABLE "auth_membership"(
    "id" INTEGER PRIMARY KEY AUTOINCREMENT,
    "user_id" INTEGER REFERENCES "auth_user" ("id") ON DELETE CASCADE  ,
    "group_id" INTEGER REFERENCES "auth_group" ("id") ON DELETE CASCADE  
);
success!
timestamp: 2020-09-01T08:47:26.031895
CREATE TABLE "auth_permission"(
    "id" INTEGER PRIMARY KEY AUTOINCREMENT,
    "group_id" INTEGER REFERENCES "auth_group" ("id") ON DELETE CASCADE  ,
    "name" CHAR(512),
    "table_name" CHAR(512),
    "record_id" INTEGER
);
success!
timestamp: 2020-09-01T08:47:26.172903
CREATE TABLE "auth_event"(
    "id" INTEGER PRIMARY KEY AUTOINCREMENT,
    "time_stamp" TIMESTAMP,
    "client_ip" CHAR(512),
    "user_id" INTEGER REFERENCES "auth_user" ("id") ON DELETE CASCADE  ,
    "origin" CHAR(512),
    "description" TEXT
);
success!
timestamp: 2020-09-01T08:47:26.276909
CREATE TABLE "auth_cas"(
    "id" INTEGER PRIMARY KEY AUTOINCREMENT,
    "user_id" INTEGER REFERENCES "auth_user" ("id") ON DELETE CASCADE  ,
    "created_on" TIMESTAMP,
    "service" CHAR(512),
    "ticket" CHAR(512),
    "renew" CHAR(1)
);
success!
timestamp: 2020-09-01T12:18:38.407650
CREATE TABLE `auth_user`(
    `id` INT AUTO_INCREMENT NOT NULL,
    `first_name` VARCHAR(128),
    `last_name` VARCHAR(128),
    `email` VARCHAR(512),
    `password` VARCHAR(512),
    `registration_key` VARCHAR(512),
    `reset_password_key` VARCHAR(512),
    `registration_id` VARCHAR(512),
    PRIMARY KEY (`id`)
) ENGINE=InnoDB CHARACTER SET utf8;
success!
timestamp: 2020-09-01T12:18:39.667722
CREATE TABLE `auth_group`(
    `id` INT AUTO_INCREMENT NOT NULL,
    `role` VARCHAR(512),
    `description` LONGTEXT,
    PRIMARY KEY (`id`)
) ENGINE=InnoDB CHARACTER SET utf8;
success!
timestamp: 2020-09-01T12:18:39.918736
CREATE TABLE `auth_membership`(
    `id` INT AUTO_INCREMENT NOT NULL,
    `user_id` INT  , INDEX `user_id__idx` (`user_id`), FOREIGN KEY (`user_id`) REFERENCES `auth_user` (`id`) ON DELETE CASCADE,
    `group_id` INT  , INDEX `group_id__idx` (`group_id`), FOREIGN KEY (`group_id`) REFERENCES `auth_group` (`id`) ON DELETE CASCADE,
    PRIMARY KEY (`id`)
) ENGINE=InnoDB CHARACTER SET utf8;
success!
timestamp: 2020-09-01T12:18:40.212753
CREATE TABLE `auth_permission`(
    `id` INT AUTO_INCREMENT NOT NULL,
    `group_id` INT  , INDEX `group_id__idx` (`group_id`), FOREIGN KEY (`group_id`) REFERENCES `auth_group` (`id`) ON DELETE CASCADE,
    `name` VARCHAR(512),
    `table_name` VARCHAR(512),
    `record_id` INTEGER,
    PRIMARY KEY (`id`)
) ENGINE=InnoDB CHARACTER SET utf8;
success!
timestamp: 2020-09-01T12:18:40.488769
CREATE TABLE `auth_event`(
    `id` INT AUTO_INCREMENT NOT NULL,
    `time_stamp` DATETIME,
    `client_ip` VARCHAR(512),
    `user_id` INT  , INDEX `user_id__idx` (`user_id`), FOREIGN KEY (`user_id`) REFERENCES `auth_user` (`id`) ON DELETE CASCADE,
    `origin` VARCHAR(512),
    `description` LONGTEXT,
    PRIMARY KEY (`id`)
) ENGINE=InnoDB CHARACTER SET utf8;
success!
timestamp: 2020-09-01T12:18:40.760785
CREATE TABLE `auth_cas`(
    `id` INT AUTO_INCREMENT NOT NULL,
    `user_id` INT  , INDEX `user_id__idx` (`user_id`), FOREIGN KEY (`user_id`) REFERENCES `auth_user` (`id`) ON DELETE CASCADE,
    `created_on` DATETIME,
    `service` VARCHAR(512),
    `ticket` VARCHAR(512),
    `renew` CHAR(1),
    PRIMARY KEY (`id`)
) ENGINE=InnoDB CHARACTER SET utf8;
success!
timestamp: 2020-09-01T13:35:07.766142
CREATE TABLE `cars`(
    `id` INT AUTO_INCREMENT NOT NULL,
    `name` VARCHAR(512),
    `date` DATE,
    `count` INTEGER,
    `distance` INTEGER,
    PRIMARY KEY (`id`)
) ENGINE=InnoDB CHARACTER SET utf8;
timestamp: 2020-09-01T13:35:20.313860
CREATE TABLE `cars`(
    `id` INT AUTO_INCREMENT NOT NULL,
    `name` VARCHAR(512),
    `date` DATE,
    `count` INTEGER,
    `distance` INTEGER,
    PRIMARY KEY (`id`)
) ENGINE=InnoDB CHARACTER SET utf8;
timestamp: 2020-09-01T13:36:07.785575
CREATE TABLE `cars`(
    `id` INT AUTO_INCREMENT NOT NULL,
    `name` VARCHAR(512),
    `date` DATE,
    `count` INTEGER,
    `distance` INTEGER,
    PRIMARY KEY (`id`)
) ENGINE=InnoDB CHARACTER SET utf8;
timestamp: 2020-09-01T13:36:20.240288
CREATE TABLE `cars`(
    `id` INT AUTO_INCREMENT NOT NULL,
    `name` VARCHAR(512),
    `date` DATE,
    `count` INTEGER,
    `distance` INTEGER,
    PRIMARY KEY (`id`)
) ENGINE=InnoDB CHARACTER SET utf8;
timestamp: 2020-09-01T13:37:07.796008
CREATE TABLE `cars`(
    `id` INT AUTO_INCREMENT NOT NULL,
    `name` VARCHAR(512),
    `date` DATE,
    `count` INTEGER,
    `distance` INTEGER,
    PRIMARY KEY (`id`)
) ENGINE=InnoDB CHARACTER SET utf8;
timestamp: 2020-09-01T13:37:20.236719
CREATE TABLE `cars`(
    `id` INT AUTO_INCREMENT NOT NULL,
    `name` VARCHAR(512),
    `date` DATE,
    `count` INTEGER,
    `distance` INTEGER,
    PRIMARY KEY (`id`)
) ENGINE=InnoDB CHARACTER SET utf8;
timestamp: 2020-09-01T13:38:07.779438
CREATE TABLE `cars`(
    `id` INT AUTO_INCREMENT NOT NULL,
    `name` VARCHAR(512),
    `date` DATE,
    `count` INTEGER,
    `distance` INTEGER,
    PRIMARY KEY (`id`)
) ENGINE=InnoDB CHARACTER SET utf8;
timestamp: 2020-09-01T13:38:20.268153
CREATE TABLE `cars`(
    `id` INT AUTO_INCREMENT NOT NULL,
    `name` VARCHAR(512),
    `date` DATE,
    `count` INTEGER,
    `distance` INTEGER,
    PRIMARY KEY (`id`)
) ENGINE=InnoDB CHARACTER SET utf8;
timestamp: 2020-09-01T13:39:07.791871
CREATE TABLE `cars`(
    `id` INT AUTO_INCREMENT NOT NULL,
    `name` VARCHAR(512),
    `date` DATE,
    `count` INTEGER,
    `distance` INTEGER,
    PRIMARY KEY (`id`)
) ENGINE=InnoDB CHARACTER SET utf8;
timestamp: 2020-09-01T13:39:20.847618
CREATE TABLE `cars`(
    `id` INT AUTO_INCREMENT NOT NULL,
    `name` VARCHAR(512),
    `date` DATE,
    `count` INTEGER,
    `distance` INTEGER,
    PRIMARY KEY (`id`)
) ENGINE=InnoDB CHARACTER SET utf8;
timestamp: 2020-09-01T13:40:07.751301
CREATE TABLE `cars`(
    `id` INT AUTO_INCREMENT NOT NULL,
    `name` VARCHAR(512),
    `date` DATE,
    `count` INTEGER,
    `distance` INTEGER,
    PRIMARY KEY (`id`)
) ENGINE=InnoDB CHARACTER SET utf8;
timestamp: 2020-09-01T13:40:20.787046
CREATE TABLE `cars`(
    `id` INT AUTO_INCREMENT NOT NULL,
    `name` VARCHAR(512),
    `date` DATE,
    `count` INTEGER,
    `distance` INTEGER,
    PRIMARY KEY (`id`)
) ENGINE=InnoDB CHARACTER SET utf8;
timestamp: 2020-09-01T13:41:07.827737
CREATE TABLE `cars`(
    `id` INT AUTO_INCREMENT NOT NULL,
    `name` VARCHAR(512),
    `date` DATE,
    `count` INTEGER,
    `distance` INTEGER,
    PRIMARY KEY (`id`)
) ENGINE=InnoDB CHARACTER SET utf8;
timestamp: 2020-09-01T13:41:20.869483
CREATE TABLE `cars`(
    `id` INT AUTO_INCREMENT NOT NULL,
    `name` VARCHAR(512),
    `date` DATE,
    `count` INTEGER,
    `distance` INTEGER,
    PRIMARY KEY (`id`)
) ENGINE=InnoDB CHARACTER SET utf8;
timestamp: 2020-09-01T13:42:07.989178
CREATE TABLE `cars`(
    `id` INT AUTO_INCREMENT NOT NULL,
    `name` VARCHAR(512),
    `date` DATE,
    `count` INTEGER,
    `distance` INTEGER,
    PRIMARY KEY (`id`)
) ENGINE=InnoDB CHARACTER SET utf8;
timestamp: 2020-09-01T13:42:20.777909
CREATE TABLE `cars`(
    `id` INT AUTO_INCREMENT NOT NULL,
    `name` VARCHAR(512),
    `date` DATE,
    `count` INTEGER,
    `distance` INTEGER,
    PRIMARY KEY (`id`)
) ENGINE=InnoDB CHARACTER SET utf8;
timestamp: 2020-09-01T13:43:07.781598
CREATE TABLE `cars`(
    `id` INT AUTO_INCREMENT NOT NULL,
    `name` VARCHAR(512),
    `date` DATE,
    `count` INTEGER,
    `distance` INTEGER,
    PRIMARY KEY (`id`)
) ENGINE=InnoDB CHARACTER SET utf8;
timestamp: 2020-09-01T13:43:20.768341
CREATE TABLE `cars`(
    `id` INT AUTO_INCREMENT NOT NULL,
    `name` VARCHAR(512),
    `date` DATE,
    `count` INTEGER,
    `distance` INTEGER,
    PRIMARY KEY (`id`)
) ENGINE=InnoDB CHARACTER SET utf8;
timestamp: 2020-09-01T13:44:07.769029
CREATE TABLE `cars`(
    `id` INT AUTO_INCREMENT NOT NULL,
    `name` VARCHAR(512),
    `date` DATE,
    `count` INTEGER,
    `distance` INTEGER,
    PRIMARY KEY (`id`)
) ENGINE=InnoDB CHARACTER SET utf8;
timestamp: 2020-09-01T13:44:20.769772
CREATE TABLE `cars`(
    `id` INT AUTO_INCREMENT NOT NULL,
    `name` VARCHAR(512),
    `date` DATE,
    `count` INTEGER,
    `distance` INTEGER,
    PRIMARY KEY (`id`)
) ENGINE=InnoDB CHARACTER SET utf8;
timestamp: 2020-09-01T13:45:07.766460
CREATE TABLE `cars`(
    `id` INT AUTO_INCREMENT NOT NULL,
    `name` VARCHAR(512),
    `date` DATE,
    `count` INTEGER,
    `distance` INTEGER,
    PRIMARY KEY (`id`)
) ENGINE=InnoDB CHARACTER SET utf8;
timestamp: 2020-09-01T13:45:20.767204
CREATE TABLE `cars`(
    `id` INT AUTO_INCREMENT NOT NULL,
    `name` VARCHAR(512),
    `date` DATE,
    `count` INTEGER,
    `distance` INTEGER,
    PRIMARY KEY (`id`)
) ENGINE=InnoDB CHARACTER SET utf8;
timestamp: 2020-09-01T13:46:07.766892
CREATE TABLE `cars`(
    `id` INT AUTO_INCREMENT NOT NULL,
    `name` VARCHAR(512),
    `date` DATE,
    `count` INTEGER,
    `distance` INTEGER,
    PRIMARY KEY (`id`)
) ENGINE=InnoDB CHARACTER SET utf8;
timestamp: 2020-09-01T13:46:20.770636
CREATE TABLE `cars`(
    `id` INT AUTO_INCREMENT NOT NULL,
    `name` VARCHAR(512),
    `date` DATE,
    `count` INTEGER,
    `distance` INTEGER,
    PRIMARY KEY (`id`)
) ENGINE=InnoDB CHARACTER SET utf8;
timestamp: 2020-09-01T13:47:07.794326
CREATE TABLE `cars`(
    `id` INT AUTO_INCREMENT NOT NULL,
    `name` VARCHAR(512),
    `date` DATE,
    `count` INTEGER,
    `distance` INTEGER,
    PRIMARY KEY (`id`)
) ENGINE=InnoDB CHARACTER SET utf8;
timestamp: 2020-09-01T13:47:20.769068
CREATE TABLE `cars`(
    `id` INT AUTO_INCREMENT NOT NULL,
    `name` VARCHAR(512),
    `date` DATE,
    `count` INTEGER,
    `distance` INTEGER,
    PRIMARY KEY (`id`)
) ENGINE=InnoDB CHARACTER SET utf8;
timestamp: 2020-09-01T13:48:07.783757
CREATE TABLE `cars`(
    `id` INT AUTO_INCREMENT NOT NULL,
    `name` VARCHAR(512),
    `date` DATE,
    `count` INTEGER,
    `distance` INTEGER,
    PRIMARY KEY (`id`)
) ENGINE=InnoDB CHARACTER SET utf8;
timestamp: 2020-09-01T13:48:20.240469
CREATE TABLE `cars`(
    `id` INT AUTO_INCREMENT NOT NULL,
    `name` VARCHAR(512),
    `date` DATE,
    `count` INTEGER,
    `distance` INTEGER,
    PRIMARY KEY (`id`)
) ENGINE=InnoDB CHARACTER SET utf8;
timestamp: 2020-09-01T13:49:07.801190
CREATE TABLE `cars`(
    `id` INT AUTO_INCREMENT NOT NULL,
    `name` VARCHAR(512),
    `date` DATE,
    `count` INTEGER,
    `distance` INTEGER,
    PRIMARY KEY (`id`)
) ENGINE=InnoDB CHARACTER SET utf8;
timestamp: 2020-09-01T13:49:20.235901
CREATE TABLE `cars`(
    `id` INT AUTO_INCREMENT NOT NULL,
    `name` VARCHAR(512),
    `date` DATE,
    `count` INTEGER,
    `distance` INTEGER,
    PRIMARY KEY (`id`)
) ENGINE=InnoDB CHARACTER SET utf8;
timestamp: 2020-09-01T13:50:07.800622
CREATE TABLE `cars`(
    `id` INT AUTO_INCREMENT NOT NULL,
    `name` VARCHAR(512),
    `date` DATE,
    `count` INTEGER,
    `distance` INTEGER,
    PRIMARY KEY (`id`)
) ENGINE=InnoDB CHARACTER SET utf8;
timestamp: 2020-09-01T13:50:20.234333
CREATE TABLE `cars`(
    `id` INT AUTO_INCREMENT NOT NULL,
    `name` VARCHAR(512),
    `date` DATE,
    `count` INTEGER,
    `distance` INTEGER,
    PRIMARY KEY (`id`)
) ENGINE=InnoDB CHARACTER SET utf8;
timestamp: 2020-09-01T13:51:07.806054
CREATE TABLE `cars`(
    `id` INT AUTO_INCREMENT NOT NULL,
    `name` VARCHAR(512),
    `date` DATE,
    `count` INTEGER,
    `distance` INTEGER,
    PRIMARY KEY (`id`)
) ENGINE=InnoDB CHARACTER SET utf8;
timestamp: 2020-09-01T13:51:20.992808
CREATE TABLE `cars`(
    `id` INT AUTO_INCREMENT NOT NULL,
    `name` VARCHAR(512),
    `date` DATE,
    `count` INTEGER,
    `distance` INTEGER,
    PRIMARY KEY (`id`)
) ENGINE=InnoDB CHARACTER SET utf8;
timestamp: 2020-09-01T13:52:07.806485
CREATE TABLE `cars`(
    `id` INT AUTO_INCREMENT NOT NULL,
    `name` VARCHAR(512),
    `date` DATE,
    `count` INTEGER,
    `distance` INTEGER,
    PRIMARY KEY (`id`)
) ENGINE=InnoDB CHARACTER SET utf8;
timestamp: 2020-09-01T13:52:20.240197
CREATE TABLE `cars`(
    `id` INT AUTO_INCREMENT NOT NULL,
    `name` VARCHAR(512),
    `date` DATE,
    `count` INTEGER,
    `distance` INTEGER,
    PRIMARY KEY (`id`)
) ENGINE=InnoDB CHARACTER SET utf8;
timestamp: 2020-09-01T13:53:07.904720
CREATE TABLE `cars`(
    `id` INT AUTO_INCREMENT NOT NULL,
    `name` VARCHAR(512),
    `date` DATE,
    `count` INTEGER,
    `distance` INTEGER,
    PRIMARY KEY (`id`)
) ENGINE=InnoDB CHARACTER SET utf8;
timestamp: 2020-09-01T13:53:16.928025
CREATE TABLE `cars`(
    `id` INT AUTO_INCREMENT NOT NULL,
    `name` VARCHAR(512),
    `date` DATE,
    `count` INTEGER,
    `distance` INTEGER,
    PRIMARY KEY (`id`)
) ENGINE=InnoDB CHARACTER SET utf8;
